Built target ament_cmake_python_symlink_robot_simulation
Built target ament_cmake_python_symlink_robot_simulation_setup
running egg_info
writing robot_simulation.egg-info/PKG-INFO
writing dependency_links to robot_simulation.egg-info/dependency_links.txt
writing top-level names to robot_simulation.egg-info/top_level.txt
reading manifest file 'robot_simulation.egg-info/SOURCES.txt'
writing manifest file 'robot_simulation.egg-info/SOURCES.txt'
Built target ament_cmake_python_build_robot_simulation_egg
-- Install configuration: ""
-- Execute custom install script
-- Up-to-date symlink: /mnt/c/Users/abhij/Desktop/Robotics/robot_ws/install/robot_simulation/share/robot_simulation/environment/pythonpath.sh
-- Up-to-date symlink: /mnt/c/Users/abhij/Desktop/Robotics/robot_ws/install/robot_simulation/share/robot_simulation/environment/pythonpath.dsv
-- Up-to-date symlink: /mnt/c/Users/abhij/Desktop/Robotics/robot_ws/install/robot_simulation/local/lib/python3.10/dist-packages/robot_simulation-0.0.0-py3.10.egg-info/PKG-INFO
-- Up-to-date symlink: /mnt/c/Users/abhij/Desktop/Robotics/robot_ws/install/robot_simulation/local/lib/python3.10/dist-packages/robot_simulation-0.0.0-py3.10.egg-info/SOURCES.txt
-- Up-to-date symlink: /mnt/c/Users/abhij/Desktop/Robotics/robot_ws/install/robot_simulation/local/lib/python3.10/dist-packages/robot_simulation-0.0.0-py3.10.egg-info/dependency_links.txt
-- Up-to-date symlink: /mnt/c/Users/abhij/Desktop/Robotics/robot_ws/install/robot_simulation/local/lib/python3.10/dist-packages/robot_simulation-0.0.0-py3.10.egg-info/top_level.txt
-- Up-to-date symlink: /mnt/c/Users/abhij/Desktop/Robotics/robot_ws/install/robot_simulation/local/lib/python3.10/dist-packages/robot_simulation/__init__.py
-- Up-to-date symlink: /mnt/c/Users/abhij/Desktop/Robotics/robot_ws/install/robot_simulation/lib/robot_simulation/teleop_keyboard.py
-- Up-to-date symlink: /mnt/c/Users/abhij/Desktop/Robotics/robot_ws/install/robot_simulation/lib/robot_simulation/robot_monitor.py
-- Up-to-date symlink: /mnt/c/Users/abhij/Desktop/Robotics/robot_ws/install/robot_simulation/share/robot_simulation//launch/bridge_only.launch.py
-- Up-to-date symlink: /mnt/c/Users/abhij/Desktop/Robotics/robot_ws/install/robot_simulation/share/robot_simulation//launch/robot_simulation.launch.py
-- Up-to-date symlink: /mnt/c/Users/abhij/Desktop/Robotics/robot_ws/install/robot_simulation/share/robot_simulation//launch/robot_spawn.launch.py
-- Up-to-date symlink: /mnt/c/Users/abhij/Desktop/Robotics/robot_ws/install/robot_simulation/share/robot_simulation//config/bridge_config.yaml
-- Up-to-date symlink: /mnt/c/Users/abhij/Desktop/Robotics/robot_ws/install/robot_simulation/share/robot_simulation//config/robot_params.yaml
-- Up-to-date symlink: /mnt/c/Users/abhij/Desktop/Robotics/robot_ws/install/robot_simulation/share/robot_simulation//worlds/test_world.sdf
-- Up-to-date symlink: /mnt/c/Users/abhij/Desktop/Robotics/robot_ws/install/robot_simulation/share/robot_simulation//models/robot/model.config
-- Up-to-date symlink: /mnt/c/Users/abhij/Desktop/Robotics/robot_ws/install/robot_simulation/share/robot_simulation//models/robot/model.sdf
-- Symlinking: /mnt/c/Users/abhij/Desktop/Robotics/robot_ws/install/robot_simulation/share/ament_index/resource_index/packages/robot_simulation
-- Up-to-date symlink: /mnt/c/Users/abhij/Desktop/Robotics/robot_ws/install/robot_simulation/share/robot_simulation/package.xml
-- Up-to-date symlink: /mnt/c/Users/abhij/Desktop/Robotics/robot_ws/install/robot_simulation/share/ament_index/resource_index/package_run_dependencies/robot_simulation
-- Up-to-date symlink: /mnt/c/Users/abhij/Desktop/Robotics/robot_ws/install/robot_simulation/share/ament_index/resource_index/parent_prefix_path/robot_simulation
-- Up-to-date symlink: /mnt/c/Users/abhij/Desktop/Robotics/robot_ws/install/robot_simulation/share/robot_simulation/environment/ament_prefix_path.sh
-- Up-to-date symlink: /mnt/c/Users/abhij/Desktop/Robotics/robot_ws/install/robot_simulation/share/robot_simulation/environment/ament_prefix_path.dsv
-- Up-to-date symlink: /mnt/c/Users/abhij/Desktop/Robotics/robot_ws/install/robot_simulation/share/robot_simulation/environment/path.sh
-- Up-to-date symlink: /mnt/c/Users/abhij/Desktop/Robotics/robot_ws/install/robot_simulation/share/robot_simulation/environment/path.dsv
-- Up-to-date symlink: /mnt/c/Users/abhij/Desktop/Robotics/robot_ws/install/robot_simulation/share/robot_simulation/local_setup.bash
-- Up-to-date symlink: /mnt/c/Users/abhij/Desktop/Robotics/robot_ws/install/robot_simulation/share/robot_simulation/local_setup.sh
-- Up-to-date symlink: /mnt/c/Users/abhij/Desktop/Robotics/robot_ws/install/robot_simulation/share/robot_simulation/local_setup.zsh
-- Up-to-date symlink: /mnt/c/Users/abhij/Desktop/Robotics/robot_ws/install/robot_simulation/share/robot_simulation/local_setup.dsv
-- Symlinking: /mnt/c/Users/abhij/Desktop/Robotics/robot_ws/install/robot_simulation/share/robot_simulation/package.dsv
-- Symlinking: /mnt/c/Users/abhij/Desktop/Robotics/robot_ws/install/robot_simulation/share/ament_index/resource_index/packages/robot_simulation
-- Up-to-date symlink: /mnt/c/Users/abhij/Desktop/Robotics/robot_ws/install/robot_simulation/share/robot_simulation/cmake/robot_simulationConfig.cmake
-- Up-to-date symlink: /mnt/c/Users/abhij/Desktop/Robotics/robot_ws/install/robot_simulation/share/robot_simulation/cmake/robot_simulationConfig-version.cmake
-- Up-to-date symlink: /mnt/c/Users/abhij/Desktop/Robotics/robot_ws/install/robot_simulation/share/robot_simulation/package.xml
Listing '/mnt/c/Users/abhij/Desktop/Robotics/robot_ws/install/robot_simulation/local/lib/python3.10/dist-packages/robot_simulation'...
Compiling '/mnt/c/Users/abhij/Desktop/Robotics/robot_ws/install/robot_simulation/local/lib/python3.10/dist-packages/robot_simulation/__init__.py'...
***   File "/mnt/c/Users/abhij/Desktop/Robotics/robot_ws/install/robot_simulation/local/lib/python3.10/dist-packages/robot_simulation/__init__.py", line 1
    echo '"""Robot simulation package for dual LiDAR robot with camera."""
         ^
SyntaxError: unterminated string literal (detected at line 1)

