-- Found ament_cmake: 1.3.11 (/opt/ros/humble/share/ament_cmake/cmake)
-- Override CMake install command with custom implementation using symlinks instead of copying resources
-- Found rclcpp: 16.0.12 (/opt/ros/humble/share/rclcpp/cmake)
-- Found rosidl_generator_c: 3.1.6 (/opt/ros/humble/share/rosidl_generator_c/cmake)
-- Found rosidl_adapter: 3.1.6 (/opt/ros/humble/share/rosidl_adapter/cmake)
-- Found rosidl_generator_cpp: 3.1.6 (/opt/ros/humble/share/rosidl_generator_cpp/cmake)
-- Using all available rosidl_typesupport_c: rosidl_typesupport_fastrtps_c;rosidl_typesupport_introspection_c
-- Using all available rosidl_typesupport_cpp: rosidl_typesupport_fastrtps_cpp;rosidl_typesupport_introspection_cpp
-- Found rmw_implementation_cmake: 6.1.2 (/opt/ros/humble/share/rmw_implementation_cmake/cmake)
-- Found rmw_fastrtps_cpp: 6.2.7 (/opt/ros/humble/share/rmw_fastrtps_cpp/cmake)
-- Using RMW implementation 'rmw_fastrtps_cpp' as default
-- Found rclpy: 3.3.16 (/opt/ros/humble/share/rclpy/cmake)
-- Found geometry_msgs: 4.8.0 (/opt/ros/humble/share/geometry_msgs/cmake)
-- Found sensor_msgs: 4.8.0 (/opt/ros/humble/share/sensor_msgs/cmake)
-- Found nav_msgs: 4.8.0 (/opt/ros/humble/share/nav_msgs/cmake)
-- Found tf2_ros: 0.25.12 (/opt/ros/humble/share/tf2_ros/cmake)
-- Found ament_lint_auto: 0.12.12 (/opt/ros/humble/share/ament_lint_auto/cmake)
-- Added test 'copyright' to check source files copyright and LICENSE
-- Added test 'flake8' to check Python code syntax and style conventions
-- Added test 'lint_cmake' to check CMake code style
-- Added test 'pep257' to check Python code against some of the docstring style conventions in PEP 257
-- Added test 'xmllint' to check XML markup files
-- Configuring done
-- Generating done
-- Build files have been written to: /mnt/c/Users/abhij/Desktop/Robotics/robot_ws/build/robot_simulation
gmake: Warning: File 'Makefile' has modification time 0.35 s in the future
gmake[1]: Warning: File 'CMakeFiles/Makefile2' has modification time 0.41 s in the future
gmake[2]: Warning: File 'CMakeFiles/ament_cmake_python_symlink_robot_simulation_setup.dir/progress.make' has modification time 0.35 s in the future
gmake[2]: Warning: File 'CMakeFiles/ament_cmake_python_symlink_robot_simulation.dir/progress.make' has modification time 0.34 s in the future
gmake[2]: warning:  Clock skew detected.  Your build may be incomplete.
gmake[2]: warning:  Clock skew detected.  Your build may be incomplete.
gmake[2]: Warning: File 'CMakeFiles/ament_cmake_python_symlink_robot_simulation_setup.dir/progress.make' has modification time 0.32 s in the future
gmake[2]: Warning: File 'CMakeFiles/ament_cmake_python_symlink_robot_simulation.dir/progress.make' has modification time 0.31 s in the future
gmake[2]: warning:  Clock skew detected.  Your build may be incomplete.
gmake[2]: warning:  Clock skew detected.  Your build may be incomplete.
Built target ament_cmake_python_symlink_robot_simulation
Built target ament_cmake_python_symlink_robot_simulation_setup
gmake[2]: Warning: File 'CMakeFiles/ament_cmake_python_build_robot_simulation_egg.dir/progress.make' has modification time 0.26 s in the future
gmake[2]: warning:  Clock skew detected.  Your build may be incomplete.
gmake[2]: Warning: File 'CMakeFiles/ament_cmake_python_build_robot_simulation_egg.dir/progress.make' has modification time 0.23 s in the future
running egg_info
writing robot_simulation.egg-info/PKG-INFO
writing dependency_links to robot_simulation.egg-info/dependency_links.txt
writing top-level names to robot_simulation.egg-info/top_level.txt
reading manifest file 'robot_simulation.egg-info/SOURCES.txt'
writing manifest file 'robot_simulation.egg-info/SOURCES.txt'
gmake[2]: warning:  Clock skew detected.  Your build may be incomplete.
Built target ament_cmake_python_build_robot_simulation_egg
gmake[1]: warning:  Clock skew detected.  Your build may be incomplete.
gmake: warning:  Clock skew detected.  Your build may be incomplete.
-- Install configuration: ""
-- Execute custom install script
-- Up-to-date symlink: /mnt/c/Users/abhij/Desktop/Robotics/robot_ws/install/robot_simulation/share/robot_simulation/environment/pythonpath.sh
-- Up-to-date symlink: /mnt/c/Users/abhij/Desktop/Robotics/robot_ws/install/robot_simulation/share/robot_simulation/environment/pythonpath.dsv
-- Up-to-date symlink: /mnt/c/Users/abhij/Desktop/Robotics/robot_ws/install/robot_simulation/local/lib/python3.10/dist-packages/robot_simulation-0.0.0-py3.10.egg-info/PKG-INFO
-- Up-to-date symlink: /mnt/c/Users/abhij/Desktop/Robotics/robot_ws/install/robot_simulation/local/lib/python3.10/dist-packages/robot_simulation-0.0.0-py3.10.egg-info/SOURCES.txt
-- Up-to-date symlink: /mnt/c/Users/abhij/Desktop/Robotics/robot_ws/install/robot_simulation/local/lib/python3.10/dist-packages/robot_simulation-0.0.0-py3.10.egg-info/dependency_links.txt
-- Up-to-date symlink: /mnt/c/Users/abhij/Desktop/Robotics/robot_ws/install/robot_simulation/local/lib/python3.10/dist-packages/robot_simulation-0.0.0-py3.10.egg-info/top_level.txt
-- Up-to-date symlink: /mnt/c/Users/abhij/Desktop/Robotics/robot_ws/install/robot_simulation/local/lib/python3.10/dist-packages/robot_simulation/__init__.py
-- Up-to-date symlink: /mnt/c/Users/abhij/Desktop/Robotics/robot_ws/install/robot_simulation/lib/robot_simulation/teleop_keyboard.py
-- Up-to-date symlink: /mnt/c/Users/abhij/Desktop/Robotics/robot_ws/install/robot_simulation/lib/robot_simulation/robot_monitor.py
-- Up-to-date symlink: /mnt/c/Users/abhij/Desktop/Robotics/robot_ws/install/robot_simulation/share/robot_simulation//launch/bridge_only.launch.py
-- Up-to-date symlink: /mnt/c/Users/abhij/Desktop/Robotics/robot_ws/install/robot_simulation/share/robot_simulation//launch/robot_simulation.launch.py
-- Up-to-date symlink: /mnt/c/Users/abhij/Desktop/Robotics/robot_ws/install/robot_simulation/share/robot_simulation//launch/robot_spawn.launch.py
-- Up-to-date symlink: /mnt/c/Users/abhij/Desktop/Robotics/robot_ws/install/robot_simulation/share/robot_simulation//config/bridge_config.yaml
-- Up-to-date symlink: /mnt/c/Users/abhij/Desktop/Robotics/robot_ws/install/robot_simulation/share/robot_simulation//config/robot_params.yaml
-- Up-to-date symlink: /mnt/c/Users/abhij/Desktop/Robotics/robot_ws/install/robot_simulation/share/robot_simulation//worlds/test_world.sdf
-- Up-to-date symlink: /mnt/c/Users/abhij/Desktop/Robotics/robot_ws/install/robot_simulation/share/robot_simulation//models/robot/model.config
-- Up-to-date symlink: /mnt/c/Users/abhij/Desktop/Robotics/robot_ws/install/robot_simulation/share/robot_simulation//models/robot/model.sdf
-- Symlinking: /mnt/c/Users/abhij/Desktop/Robotics/robot_ws/install/robot_simulation/share/ament_index/resource_index/packages/robot_simulation
-- Up-to-date symlink: /mnt/c/Users/abhij/Desktop/Robotics/robot_ws/install/robot_simulation/share/robot_simulation/package.xml
-- Up-to-date symlink: /mnt/c/Users/abhij/Desktop/Robotics/robot_ws/install/robot_simulation/share/ament_index/resource_index/package_run_dependencies/robot_simulation
-- Up-to-date symlink: /mnt/c/Users/abhij/Desktop/Robotics/robot_ws/install/robot_simulation/share/ament_index/resource_index/parent_prefix_path/robot_simulation
-- Up-to-date symlink: /mnt/c/Users/abhij/Desktop/Robotics/robot_ws/install/robot_simulation/share/robot_simulation/environment/ament_prefix_path.sh
-- Up-to-date symlink: /mnt/c/Users/abhij/Desktop/Robotics/robot_ws/install/robot_simulation/share/robot_simulation/environment/ament_prefix_path.dsv
-- Up-to-date symlink: /mnt/c/Users/abhij/Desktop/Robotics/robot_ws/install/robot_simulation/share/robot_simulation/environment/path.sh
-- Up-to-date symlink: /mnt/c/Users/abhij/Desktop/Robotics/robot_ws/install/robot_simulation/share/robot_simulation/environment/path.dsv
-- Up-to-date symlink: /mnt/c/Users/abhij/Desktop/Robotics/robot_ws/install/robot_simulation/share/robot_simulation/local_setup.bash
-- Up-to-date symlink: /mnt/c/Users/abhij/Desktop/Robotics/robot_ws/install/robot_simulation/share/robot_simulation/local_setup.sh
-- Up-to-date symlink: /mnt/c/Users/abhij/Desktop/Robotics/robot_ws/install/robot_simulation/share/robot_simulation/local_setup.zsh
-- Up-to-date symlink: /mnt/c/Users/abhij/Desktop/Robotics/robot_ws/install/robot_simulation/share/robot_simulation/local_setup.dsv
-- Symlinking: /mnt/c/Users/abhij/Desktop/Robotics/robot_ws/install/robot_simulation/share/robot_simulation/package.dsv
-- Symlinking: /mnt/c/Users/abhij/Desktop/Robotics/robot_ws/install/robot_simulation/share/ament_index/resource_index/packages/robot_simulation
-- Up-to-date symlink: /mnt/c/Users/abhij/Desktop/Robotics/robot_ws/install/robot_simulation/share/robot_simulation/cmake/robot_simulationConfig.cmake
-- Up-to-date symlink: /mnt/c/Users/abhij/Desktop/Robotics/robot_ws/install/robot_simulation/share/robot_simulation/cmake/robot_simulationConfig-version.cmake
-- Up-to-date symlink: /mnt/c/Users/abhij/Desktop/Robotics/robot_ws/install/robot_simulation/share/robot_simulation/package.xml
Listing '/mnt/c/Users/abhij/Desktop/Robotics/robot_ws/install/robot_simulation/local/lib/python3.10/dist-packages/robot_simulation'...
Compiling '/mnt/c/Users/abhij/Desktop/Robotics/robot_ws/install/robot_simulation/local/lib/python3.10/dist-packages/robot_simulation/__init__.py'...
***   File "/mnt/c/Users/abhij/Desktop/Robotics/robot_ws/install/robot_simulation/local/lib/python3.10/dist-packages/robot_simulation/__init__.py", line 1
    echo '"""Robot simulation package for dual LiDAR robot with camera."""
         ^
SyntaxError: unterminated string literal (detected at line 1)

