[0.316s] DEBUG:colcon:Command line arguments: ['/usr/bin/colcon', 'build', '--symlink-install', '--packages-select', 'robot_simulation']
[0.317s] DEBUG:colcon:Parsed command line arguments: Namespace(log_base=None, log_level=None, verb_name='build', build_base='build', install_base='install', merge_install=False, symlink_install=True, test_result_base=None, continue_on_error=False, executor='parallel', parallel_workers=32, event_handlers=None, ignore_user_meta=False, metas=['./colcon.meta'], base_paths=['.'], packages_ignore=None, packages_ignore_regex=None, paths=None, packages_up_to=None, packages_up_to_regex=None, packages_above=None, packages_above_and_dependencies=None, packages_above_depth=None, packages_select_by_dep=None, packages_skip_by_dep=None, packages_skip_up_to=None, packages_select_build_failed=False, packages_skip_build_finished=False, packages_select_test_failures=False, packages_skip_test_passed=False, packages_select=['robot_simulation'], packages_skip=None, packages_select_regex=None, packages_skip_regex=None, packages_start=None, packages_end=None, allow_overriding=[], cmake_args=None, cmake_target=None, cmake_target_skip_unavailable=False, cmake_clean_cache=False, cmake_clean_first=False, cmake_force_configure=False, ament_cmake_args=None, catkin_cmake_args=None, catkin_skip_building_tests=False, mixin_files=None, mixin=None, verb_parser=<colcon_mixin.mixin.mixin_argument.MixinArgumentDecorator object at 0x7a04a69493c0>, verb_extension=<colcon_core.verb.build.BuildVerb object at 0x7a04a6948e80>, main=<bound method BuildVerb.main of <colcon_core.verb.build.BuildVerb object at 0x7a04a6948e80>>, mixin_verb=('build',))
[0.594s] Level 1:colcon.colcon_core.package_discovery:discover_packages(colcon_meta) check parameters
[0.595s] Level 1:colcon.colcon_core.package_discovery:discover_packages(recursive) check parameters
[0.595s] Level 1:colcon.colcon_core.package_discovery:discover_packages(ignore) check parameters
[0.595s] Level 1:colcon.colcon_core.package_discovery:discover_packages(path) check parameters
[0.595s] Level 1:colcon.colcon_core.package_discovery:discover_packages(colcon_meta) discover
[0.596s] Level 1:colcon.colcon_core.package_discovery:discover_packages(recursive) discover
[0.596s] INFO:colcon.colcon_core.package_discovery:Crawling recursively for packages in '/mnt/c/Users/abhij/Desktop/Robotics/robot_ws'
[0.597s] Level 1:colcon.colcon_core.package_identification:_identify(.) by extensions ['ignore', 'ignore_ament_install']
[0.598s] Level 1:colcon.colcon_core.package_identification:_identify(.) by extension 'ignore'
[0.598s] Level 1:colcon.colcon_core.package_identification:_identify(.) by extension 'ignore_ament_install'
[0.599s] Level 1:colcon.colcon_core.package_identification:_identify(.) by extensions ['colcon_pkg']
[0.599s] Level 1:colcon.colcon_core.package_identification:_identify(.) by extension 'colcon_pkg'
[0.599s] Level 1:colcon.colcon_core.package_identification:_identify(.) by extensions ['colcon_meta']
[0.599s] Level 1:colcon.colcon_core.package_identification:_identify(.) by extension 'colcon_meta'
[0.600s] Level 1:colcon.colcon_core.package_identification:_identify(.) by extensions ['ros']
[0.600s] Level 1:colcon.colcon_core.package_identification:_identify(.) by extension 'ros'
[0.613s] Level 1:colcon.colcon_core.package_identification:_identify(.) by extensions ['cmake', 'python']
[0.613s] Level 1:colcon.colcon_core.package_identification:_identify(.) by extension 'cmake'
[0.613s] Level 1:colcon.colcon_core.package_identification:_identify(.) by extension 'python'
[0.614s] Level 1:colcon.colcon_core.package_identification:_identify(.) by extensions ['python_setup_py']
[0.614s] Level 1:colcon.colcon_core.package_identification:_identify(.) by extension 'python_setup_py'
[0.617s] Level 1:colcon.colcon_core.package_identification:_identify(build) by extensions ['ignore', 'ignore_ament_install']
[0.617s] Level 1:colcon.colcon_core.package_identification:_identify(build) by extension 'ignore'
[0.619s] Level 1:colcon.colcon_core.package_identification:_identify(build) ignored
[0.622s] Level 1:colcon.colcon_core.package_identification:_identify(install) by extensions ['ignore', 'ignore_ament_install']
[0.622s] Level 1:colcon.colcon_core.package_identification:_identify(install) by extension 'ignore'
[0.624s] Level 1:colcon.colcon_core.package_identification:_identify(install) ignored
[0.629s] Level 1:colcon.colcon_core.package_identification:_identify(log) by extensions ['ignore', 'ignore_ament_install']
[0.629s] Level 1:colcon.colcon_core.package_identification:_identify(log) by extension 'ignore'
[0.630s] Level 1:colcon.colcon_core.package_identification:_identify(log) ignored
[0.633s] Level 1:colcon.colcon_core.package_identification:_identify(src) by extensions ['ignore', 'ignore_ament_install']
[0.633s] Level 1:colcon.colcon_core.package_identification:_identify(src) by extension 'ignore'
[0.634s] Level 1:colcon.colcon_core.package_identification:_identify(src) by extension 'ignore_ament_install'
[0.636s] Level 1:colcon.colcon_core.package_identification:_identify(src) by extensions ['colcon_pkg']
[0.637s] Level 1:colcon.colcon_core.package_identification:_identify(src) by extension 'colcon_pkg'
[0.638s] Level 1:colcon.colcon_core.package_identification:_identify(src) by extensions ['colcon_meta']
[0.638s] Level 1:colcon.colcon_core.package_identification:_identify(src) by extension 'colcon_meta'
[0.639s] Level 1:colcon.colcon_core.package_identification:_identify(src) by extensions ['ros']
[0.639s] Level 1:colcon.colcon_core.package_identification:_identify(src) by extension 'ros'
[0.644s] Level 1:colcon.colcon_core.package_identification:_identify(src) by extensions ['cmake', 'python']
[0.644s] Level 1:colcon.colcon_core.package_identification:_identify(src) by extension 'cmake'
[0.645s] Level 1:colcon.colcon_core.package_identification:_identify(src) by extension 'python'
[0.646s] Level 1:colcon.colcon_core.package_identification:_identify(src) by extensions ['python_setup_py']
[0.646s] Level 1:colcon.colcon_core.package_identification:_identify(src) by extension 'python_setup_py'
[0.652s] Level 1:colcon.colcon_core.package_identification:_identify(src/robot_simulation) by extensions ['ignore', 'ignore_ament_install']
[0.652s] Level 1:colcon.colcon_core.package_identification:_identify(src/robot_simulation) by extension 'ignore'
[0.654s] Level 1:colcon.colcon_core.package_identification:_identify(src/robot_simulation) by extension 'ignore_ament_install'
[0.657s] Level 1:colcon.colcon_core.package_identification:_identify(src/robot_simulation) by extensions ['colcon_pkg']
[0.657s] Level 1:colcon.colcon_core.package_identification:_identify(src/robot_simulation) by extension 'colcon_pkg'
[0.659s] Level 1:colcon.colcon_core.package_identification:_identify(src/robot_simulation) by extensions ['colcon_meta']
[0.659s] Level 1:colcon.colcon_core.package_identification:_identify(src/robot_simulation) by extension 'colcon_meta'
[0.661s] Level 1:colcon.colcon_core.package_identification:_identify(src/robot_simulation) by extensions ['ros']
[0.662s] Level 1:colcon.colcon_core.package_identification:_identify(src/robot_simulation) by extension 'ros'
[0.681s] DEBUG:colcon.colcon_core.package_identification:Package 'src/robot_simulation' with type 'ros.ament_cmake' and name 'robot_simulation'
[0.681s] Level 1:colcon.colcon_core.package_discovery:discover_packages(recursive) using defaults
[0.682s] Level 1:colcon.colcon_core.package_discovery:discover_packages(ignore) discover
[0.682s] Level 1:colcon.colcon_core.package_discovery:discover_packages(ignore) using defaults
[0.682s] Level 1:colcon.colcon_core.package_discovery:discover_packages(path) discover
[0.682s] Level 1:colcon.colcon_core.package_discovery:discover_packages(path) using defaults
[0.719s] Level 1:colcon.colcon_core.package_discovery:discover_packages(prefix_path) check parameters
[0.719s] Level 1:colcon.colcon_core.package_discovery:discover_packages(prefix_path) discover
[0.723s] DEBUG:colcon.colcon_installed_package_information.package_discovery:Found 294 installed packages in /opt/ros/humble
[0.724s] Level 1:colcon.colcon_core.package_discovery:discover_packages(prefix_path) using defaults
[0.755s] Level 5:colcon.colcon_core.verb:set package 'robot_simulation' build argument 'cmake_args' from command line to 'None'
[0.755s] Level 5:colcon.colcon_core.verb:set package 'robot_simulation' build argument 'cmake_target' from command line to 'None'
[0.755s] Level 5:colcon.colcon_core.verb:set package 'robot_simulation' build argument 'cmake_target_skip_unavailable' from command line to 'False'
[0.756s] Level 5:colcon.colcon_core.verb:set package 'robot_simulation' build argument 'cmake_clean_cache' from command line to 'False'
[0.756s] Level 5:colcon.colcon_core.verb:set package 'robot_simulation' build argument 'cmake_clean_first' from command line to 'False'
[0.756s] Level 5:colcon.colcon_core.verb:set package 'robot_simulation' build argument 'cmake_force_configure' from command line to 'False'
[0.756s] Level 5:colcon.colcon_core.verb:set package 'robot_simulation' build argument 'ament_cmake_args' from command line to 'None'
[0.756s] Level 5:colcon.colcon_core.verb:set package 'robot_simulation' build argument 'catkin_cmake_args' from command line to 'None'
[0.756s] Level 5:colcon.colcon_core.verb:set package 'robot_simulation' build argument 'catkin_skip_building_tests' from command line to 'False'
[0.756s] DEBUG:colcon.colcon_core.verb:Building package 'robot_simulation' with the following arguments: {'ament_cmake_args': None, 'build_base': '/mnt/c/Users/abhij/Desktop/Robotics/robot_ws/build/robot_simulation', 'catkin_cmake_args': None, 'catkin_skip_building_tests': False, 'cmake_args': None, 'cmake_clean_cache': False, 'cmake_clean_first': False, 'cmake_force_configure': False, 'cmake_target': None, 'cmake_target_skip_unavailable': False, 'install_base': '/mnt/c/Users/abhij/Desktop/Robotics/robot_ws/install/robot_simulation', 'merge_install': False, 'path': '/mnt/c/Users/abhij/Desktop/Robotics/robot_ws/src/robot_simulation', 'symlink_install': True, 'test_result_base': None}
[0.757s] INFO:colcon.colcon_core.executor:Executing jobs using 'parallel' executor
[0.758s] DEBUG:colcon.colcon_parallel_executor.executor.parallel:run_until_complete
[0.758s] INFO:colcon.colcon_ros.task.ament_cmake.build:Building ROS package in '/mnt/c/Users/abhij/Desktop/Robotics/robot_ws/src/robot_simulation' with build type 'ament_cmake'
[0.758s] INFO:colcon.colcon_cmake.task.cmake.build:Building CMake package in '/mnt/c/Users/abhij/Desktop/Robotics/robot_ws/src/robot_simulation'
[0.763s] INFO:colcon.colcon_core.plugin_system:Skipping extension 'colcon_core.shell.bat': Not used on non-Windows systems
[0.763s] INFO:colcon.colcon_core.shell:Skip shell extension 'powershell' for command environment: Not usable outside of PowerShell
[0.763s] DEBUG:colcon.colcon_core.shell:Skip shell extension 'dsv' for command environment
[0.832s] DEBUG:colcon.colcon_core.event_handler.log_command:Invoking command in '/mnt/c/Users/abhij/Desktop/Robotics/robot_ws/build/robot_simulation': CMAKE_PREFIX_PATH=/opt/ros/humble /usr/bin/cmake /mnt/c/Users/abhij/Desktop/Robotics/robot_ws/src/robot_simulation -DAMENT_CMAKE_SYMLINK_INSTALL=1 -DCMAKE_INSTALL_PREFIX=/mnt/c/Users/abhij/Desktop/Robotics/robot_ws/install/robot_simulation
[21.899s] DEBUG:colcon.colcon_core.event_handler.log_command:Invoked command in '/mnt/c/Users/abhij/Desktop/Robotics/robot_ws/build/robot_simulation' returned '0': CMAKE_PREFIX_PATH=/opt/ros/humble /usr/bin/cmake /mnt/c/Users/abhij/Desktop/Robotics/robot_ws/src/robot_simulation -DAMENT_CMAKE_SYMLINK_INSTALL=1 -DCMAKE_INSTALL_PREFIX=/mnt/c/Users/abhij/Desktop/Robotics/robot_ws/install/robot_simulation
[21.912s] DEBUG:colcon.colcon_core.event_handler.log_command:Invoking command in '/mnt/c/Users/abhij/Desktop/Robotics/robot_ws/build/robot_simulation': CMAKE_PREFIX_PATH=/opt/ros/humble /usr/bin/cmake --build /mnt/c/Users/abhij/Desktop/Robotics/robot_ws/build/robot_simulation -- -j32 -l32
[22.550s] DEBUG:colcon.colcon_core.event_handler.log_command:Invoked command in '/mnt/c/Users/abhij/Desktop/Robotics/robot_ws/build/robot_simulation' returned '0': CMAKE_PREFIX_PATH=/opt/ros/humble /usr/bin/cmake --build /mnt/c/Users/abhij/Desktop/Robotics/robot_ws/build/robot_simulation -- -j32 -l32
[22.586s] DEBUG:colcon.colcon_core.event_handler.log_command:Invoking command in '/mnt/c/Users/abhij/Desktop/Robotics/robot_ws/build/robot_simulation': CMAKE_PREFIX_PATH=/opt/ros/humble /usr/bin/cmake --install /mnt/c/Users/abhij/Desktop/Robotics/robot_ws/build/robot_simulation
[24.674s] Level 1:colcon.colcon_core.environment:create_environment_scripts_only(robot_simulation)
[24.675s] DEBUG:colcon.colcon_core.event_handler.log_command:Invoked command in '/mnt/c/Users/abhij/Desktop/Robotics/robot_ws/build/robot_simulation' returned '0': CMAKE_PREFIX_PATH=/opt/ros/humble /usr/bin/cmake --install /mnt/c/Users/abhij/Desktop/Robotics/robot_ws/build/robot_simulation
[24.679s] Level 1:colcon.colcon_core.environment:checking '/mnt/c/Users/abhij/Desktop/Robotics/robot_ws/install/robot_simulation' for CMake module files
[24.819s] Level 1:colcon.colcon_core.environment:checking '/mnt/c/Users/abhij/Desktop/Robotics/robot_ws/install/robot_simulation' for CMake config files
[24.997s] Level 1:colcon.colcon_core.shell:create_environment_hook('robot_simulation', 'cmake_prefix_path')
[24.998s] INFO:colcon.colcon_core.shell:Creating environment hook '/mnt/c/Users/abhij/Desktop/Robotics/robot_ws/install/robot_simulation/share/robot_simulation/hook/cmake_prefix_path.ps1'
[25.012s] INFO:colcon.colcon_core.shell:Creating environment descriptor '/mnt/c/Users/abhij/Desktop/Robotics/robot_ws/install/robot_simulation/share/robot_simulation/hook/cmake_prefix_path.dsv'
[25.028s] INFO:colcon.colcon_core.shell:Creating environment hook '/mnt/c/Users/abhij/Desktop/Robotics/robot_ws/install/robot_simulation/share/robot_simulation/hook/cmake_prefix_path.sh'
[25.050s] Level 1:colcon.colcon_core.environment:checking '/mnt/c/Users/abhij/Desktop/Robotics/robot_ws/install/robot_simulation/lib'
[25.056s] Level 1:colcon.colcon_core.environment:checking '/mnt/c/Users/abhij/Desktop/Robotics/robot_ws/install/robot_simulation/bin'
[25.058s] Level 1:colcon.colcon_core.environment:checking '/mnt/c/Users/abhij/Desktop/Robotics/robot_ws/install/robot_simulation/lib/pkgconfig/robot_simulation.pc'
[25.060s] Level 1:colcon.colcon_core.environment:checking '/mnt/c/Users/abhij/Desktop/Robotics/robot_ws/install/robot_simulation/lib/python3.10/site-packages'
[25.063s] Level 1:colcon.colcon_core.environment:checking '/mnt/c/Users/abhij/Desktop/Robotics/robot_ws/install/robot_simulation/bin'
[25.064s] INFO:colcon.colcon_core.shell:Creating package script '/mnt/c/Users/abhij/Desktop/Robotics/robot_ws/install/robot_simulation/share/robot_simulation/package.ps1'
[25.078s] INFO:colcon.colcon_core.shell:Creating package descriptor '/mnt/c/Users/abhij/Desktop/Robotics/robot_ws/install/robot_simulation/share/robot_simulation/package.dsv'
[25.096s] INFO:colcon.colcon_core.shell:Creating package script '/mnt/c/Users/abhij/Desktop/Robotics/robot_ws/install/robot_simulation/share/robot_simulation/package.sh'
[25.110s] INFO:colcon.colcon_core.shell:Creating package script '/mnt/c/Users/abhij/Desktop/Robotics/robot_ws/install/robot_simulation/share/robot_simulation/package.bash'
[25.124s] INFO:colcon.colcon_core.shell:Creating package script '/mnt/c/Users/abhij/Desktop/Robotics/robot_ws/install/robot_simulation/share/robot_simulation/package.zsh'
[25.137s] Level 1:colcon.colcon_core.environment:create_file_with_runtime_dependencies(/mnt/c/Users/abhij/Desktop/Robotics/robot_ws/install/robot_simulation/share/colcon-core/packages/robot_simulation)
[25.168s] Level 1:colcon.colcon_core.environment:create_environment_scripts_only(robot_simulation)
[25.168s] Level 1:colcon.colcon_core.environment:checking '/mnt/c/Users/abhij/Desktop/Robotics/robot_ws/install/robot_simulation' for CMake module files
[25.315s] Level 1:colcon.colcon_core.environment:checking '/mnt/c/Users/abhij/Desktop/Robotics/robot_ws/install/robot_simulation' for CMake config files
[25.504s] Level 1:colcon.colcon_core.shell:create_environment_hook('robot_simulation', 'cmake_prefix_path')
[25.504s] INFO:colcon.colcon_core.shell:Creating environment hook '/mnt/c/Users/abhij/Desktop/Robotics/robot_ws/install/robot_simulation/share/robot_simulation/hook/cmake_prefix_path.ps1'
[25.522s] INFO:colcon.colcon_core.shell:Creating environment descriptor '/mnt/c/Users/abhij/Desktop/Robotics/robot_ws/install/robot_simulation/share/robot_simulation/hook/cmake_prefix_path.dsv'
[25.540s] INFO:colcon.colcon_core.shell:Creating environment hook '/mnt/c/Users/abhij/Desktop/Robotics/robot_ws/install/robot_simulation/share/robot_simulation/hook/cmake_prefix_path.sh'
[25.560s] Level 1:colcon.colcon_core.environment:checking '/mnt/c/Users/abhij/Desktop/Robotics/robot_ws/install/robot_simulation/lib'
[25.565s] Level 1:colcon.colcon_core.environment:checking '/mnt/c/Users/abhij/Desktop/Robotics/robot_ws/install/robot_simulation/bin'
[25.566s] Level 1:colcon.colcon_core.environment:checking '/mnt/c/Users/abhij/Desktop/Robotics/robot_ws/install/robot_simulation/lib/pkgconfig/robot_simulation.pc'
[25.569s] Level 1:colcon.colcon_core.environment:checking '/mnt/c/Users/abhij/Desktop/Robotics/robot_ws/install/robot_simulation/lib/python3.10/site-packages'
[25.571s] Level 1:colcon.colcon_core.environment:checking '/mnt/c/Users/abhij/Desktop/Robotics/robot_ws/install/robot_simulation/bin'
[25.572s] INFO:colcon.colcon_core.shell:Creating package script '/mnt/c/Users/abhij/Desktop/Robotics/robot_ws/install/robot_simulation/share/robot_simulation/package.ps1'
[25.586s] INFO:colcon.colcon_core.shell:Creating package descriptor '/mnt/c/Users/abhij/Desktop/Robotics/robot_ws/install/robot_simulation/share/robot_simulation/package.dsv'
[25.601s] INFO:colcon.colcon_core.shell:Creating package script '/mnt/c/Users/abhij/Desktop/Robotics/robot_ws/install/robot_simulation/share/robot_simulation/package.sh'
[25.615s] INFO:colcon.colcon_core.shell:Creating package script '/mnt/c/Users/abhij/Desktop/Robotics/robot_ws/install/robot_simulation/share/robot_simulation/package.bash'
[25.630s] INFO:colcon.colcon_core.shell:Creating package script '/mnt/c/Users/abhij/Desktop/Robotics/robot_ws/install/robot_simulation/share/robot_simulation/package.zsh'
[25.643s] Level 1:colcon.colcon_core.environment:create_file_with_runtime_dependencies(/mnt/c/Users/abhij/Desktop/Robotics/robot_ws/install/robot_simulation/share/colcon-core/packages/robot_simulation)
[25.654s] DEBUG:colcon.colcon_parallel_executor.executor.parallel:closing loop
[25.655s] DEBUG:colcon.colcon_parallel_executor.executor.parallel:loop closed
[25.655s] DEBUG:colcon.colcon_parallel_executor.executor.parallel:run_until_complete finished with '0'
[25.655s] DEBUG:colcon.colcon_core.event_reactor:joining thread
[25.746s] INFO:colcon.colcon_core.plugin_system:Skipping extension 'colcon_notification.desktop_notification.notify_send': Could not find 'notify-send'
[25.746s] INFO:colcon.colcon_core.plugin_system:Skipping extension 'colcon_notification.desktop_notification.terminal_notifier': Not used on non-Darwin systems
[25.746s] INFO:colcon.colcon_core.plugin_system:Skipping extension 'colcon_notification.desktop_notification.win32': Not used on non-Windows systems
[25.747s] INFO:colcon.colcon_notification.desktop_notification:Sending desktop notification using 'notify2'
[25.748s] DEBUG:colcon.colcon_notification.desktop_notification.notify2:Failed to initialize notify2: org.freedesktop.DBus.Error.ServiceUnknown: The name org.freedesktop.Notifications was not provided by any .service files
[25.748s] DEBUG:colcon.colcon_core.event_reactor:joined thread
[25.749s] INFO:colcon.colcon_core.shell:Creating prefix script '/mnt/c/Users/abhij/Desktop/Robotics/robot_ws/install/local_setup.ps1'
[25.755s] INFO:colcon.colcon_core.shell:Creating prefix util module '/mnt/c/Users/abhij/Desktop/Robotics/robot_ws/install/_local_setup_util_ps1.py'
[25.761s] INFO:colcon.colcon_core.shell:Creating prefix chain script '/mnt/c/Users/abhij/Desktop/Robotics/robot_ws/install/setup.ps1'
[25.767s] INFO:colcon.colcon_core.shell:Creating prefix script '/mnt/c/Users/abhij/Desktop/Robotics/robot_ws/install/local_setup.sh'
[25.773s] INFO:colcon.colcon_core.shell:Creating prefix util module '/mnt/c/Users/abhij/Desktop/Robotics/robot_ws/install/_local_setup_util_sh.py'
[25.779s] INFO:colcon.colcon_core.shell:Creating prefix chain script '/mnt/c/Users/abhij/Desktop/Robotics/robot_ws/install/setup.sh'
[25.785s] INFO:colcon.colcon_core.shell:Creating prefix script '/mnt/c/Users/abhij/Desktop/Robotics/robot_ws/install/local_setup.bash'
[25.790s] INFO:colcon.colcon_core.shell:Creating prefix chain script '/mnt/c/Users/abhij/Desktop/Robotics/robot_ws/install/setup.bash'
[25.796s] INFO:colcon.colcon_core.shell:Creating prefix script '/mnt/c/Users/abhij/Desktop/Robotics/robot_ws/install/local_setup.zsh'
[25.801s] INFO:colcon.colcon_core.shell:Creating prefix chain script '/mnt/c/Users/abhij/Desktop/Robotics/robot_ws/install/setup.zsh'
