[0.430s] DEBUG:colcon:Command line arguments: ['/usr/bin/colcon', 'build', '--packages-select', 'robot_simulation']
[0.431s] DEBUG:colcon:Parsed command line arguments: Namespace(log_base=None, log_level=None, verb_name='build', build_base='build', install_base='install', merge_install=False, symlink_install=False, test_result_base=None, continue_on_error=False, executor='parallel', parallel_workers=32, event_handlers=None, ignore_user_meta=False, metas=['./colcon.meta'], base_paths=['.'], packages_ignore=None, packages_ignore_regex=None, paths=None, packages_up_to=None, packages_up_to_regex=None, packages_above=None, packages_above_and_dependencies=None, packages_above_depth=None, packages_select_by_dep=None, packages_skip_by_dep=None, packages_skip_up_to=None, packages_select_build_failed=False, packages_skip_build_finished=False, packages_select_test_failures=False, packages_skip_test_passed=False, packages_select=['robot_simulation'], packages_skip=None, packages_select_regex=None, packages_skip_regex=None, packages_start=None, packages_end=None, allow_overriding=[], cmake_args=None, cmake_target=None, cmake_target_skip_unavailable=False, cmake_clean_cache=False, cmake_clean_first=False, cmake_force_configure=False, ament_cmake_args=None, catkin_cmake_args=None, catkin_skip_building_tests=False, mixin_files=None, mixin=None, verb_parser=<colcon_mixin.mixin.mixin_argument.MixinArgumentDecorator object at 0x7c3750d495d0>, verb_extension=<colcon_core.verb.build.BuildVerb object at 0x7c3750d49090>, main=<bound method BuildVerb.main of <colcon_core.verb.build.BuildVerb object at 0x7c3750d49090>>, mixin_verb=('build',))
[0.687s] Level 1:colcon.colcon_core.package_discovery:discover_packages(colcon_meta) check parameters
[0.687s] Level 1:colcon.colcon_core.package_discovery:discover_packages(recursive) check parameters
[0.688s] Level 1:colcon.colcon_core.package_discovery:discover_packages(ignore) check parameters
[0.688s] Level 1:colcon.colcon_core.package_discovery:discover_packages(path) check parameters
[0.688s] Level 1:colcon.colcon_core.package_discovery:discover_packages(colcon_meta) discover
[0.688s] Level 1:colcon.colcon_core.package_discovery:discover_packages(recursive) discover
[0.688s] INFO:colcon.colcon_core.package_discovery:Crawling recursively for packages in '/mnt/c/Users/abhij/Desktop/Robotics/robot_ws'
[0.689s] Level 1:colcon.colcon_core.package_identification:_identify(.) by extensions ['ignore', 'ignore_ament_install']
[0.690s] Level 1:colcon.colcon_core.package_identification:_identify(.) by extension 'ignore'
[0.690s] Level 1:colcon.colcon_core.package_identification:_identify(.) by extension 'ignore_ament_install'
[0.691s] Level 1:colcon.colcon_core.package_identification:_identify(.) by extensions ['colcon_pkg']
[0.691s] Level 1:colcon.colcon_core.package_identification:_identify(.) by extension 'colcon_pkg'
[0.691s] Level 1:colcon.colcon_core.package_identification:_identify(.) by extensions ['colcon_meta']
[0.691s] Level 1:colcon.colcon_core.package_identification:_identify(.) by extension 'colcon_meta'
[0.692s] Level 1:colcon.colcon_core.package_identification:_identify(.) by extensions ['ros']
[0.692s] Level 1:colcon.colcon_core.package_identification:_identify(.) by extension 'ros'
[0.704s] Level 1:colcon.colcon_core.package_identification:_identify(.) by extensions ['cmake', 'python']
[0.704s] Level 1:colcon.colcon_core.package_identification:_identify(.) by extension 'cmake'
[0.705s] Level 1:colcon.colcon_core.package_identification:_identify(.) by extension 'python'
[0.705s] Level 1:colcon.colcon_core.package_identification:_identify(.) by extensions ['python_setup_py']
[0.705s] Level 1:colcon.colcon_core.package_identification:_identify(.) by extension 'python_setup_py'
[0.708s] Level 1:colcon.colcon_core.package_identification:_identify(build) by extensions ['ignore', 'ignore_ament_install']
[0.708s] Level 1:colcon.colcon_core.package_identification:_identify(build) by extension 'ignore'
[0.709s] Level 1:colcon.colcon_core.package_identification:_identify(build) ignored
[0.712s] Level 1:colcon.colcon_core.package_identification:_identify(install) by extensions ['ignore', 'ignore_ament_install']
[0.712s] Level 1:colcon.colcon_core.package_identification:_identify(install) by extension 'ignore'
[0.714s] Level 1:colcon.colcon_core.package_identification:_identify(install) ignored
[0.718s] Level 1:colcon.colcon_core.package_identification:_identify(log) by extensions ['ignore', 'ignore_ament_install']
[0.718s] Level 1:colcon.colcon_core.package_identification:_identify(log) by extension 'ignore'
[0.719s] Level 1:colcon.colcon_core.package_identification:_identify(log) ignored
[0.721s] Level 1:colcon.colcon_core.package_identification:_identify(src) by extensions ['ignore', 'ignore_ament_install']
[0.722s] Level 1:colcon.colcon_core.package_identification:_identify(src) by extension 'ignore'
[0.722s] Level 1:colcon.colcon_core.package_identification:_identify(src) by extension 'ignore_ament_install'
[0.724s] Level 1:colcon.colcon_core.package_identification:_identify(src) by extensions ['colcon_pkg']
[0.724s] Level 1:colcon.colcon_core.package_identification:_identify(src) by extension 'colcon_pkg'
[0.725s] Level 1:colcon.colcon_core.package_identification:_identify(src) by extensions ['colcon_meta']
[0.725s] Level 1:colcon.colcon_core.package_identification:_identify(src) by extension 'colcon_meta'
[0.726s] Level 1:colcon.colcon_core.package_identification:_identify(src) by extensions ['ros']
[0.726s] Level 1:colcon.colcon_core.package_identification:_identify(src) by extension 'ros'
[0.730s] Level 1:colcon.colcon_core.package_identification:_identify(src) by extensions ['cmake', 'python']
[0.730s] Level 1:colcon.colcon_core.package_identification:_identify(src) by extension 'cmake'
[0.731s] Level 1:colcon.colcon_core.package_identification:_identify(src) by extension 'python'
[0.731s] Level 1:colcon.colcon_core.package_identification:_identify(src) by extensions ['python_setup_py']
[0.731s] Level 1:colcon.colcon_core.package_identification:_identify(src) by extension 'python_setup_py'
[0.736s] Level 1:colcon.colcon_core.package_identification:_identify(src/robot_simulation) by extensions ['ignore', 'ignore_ament_install']
[0.736s] Level 1:colcon.colcon_core.package_identification:_identify(src/robot_simulation) by extension 'ignore'
[0.738s] Level 1:colcon.colcon_core.package_identification:_identify(src/robot_simulation) by extension 'ignore_ament_install'
[0.740s] Level 1:colcon.colcon_core.package_identification:_identify(src/robot_simulation) by extensions ['colcon_pkg']
[0.740s] Level 1:colcon.colcon_core.package_identification:_identify(src/robot_simulation) by extension 'colcon_pkg'
[0.741s] Level 1:colcon.colcon_core.package_identification:_identify(src/robot_simulation) by extensions ['colcon_meta']
[0.742s] Level 1:colcon.colcon_core.package_identification:_identify(src/robot_simulation) by extension 'colcon_meta'
[0.744s] Level 1:colcon.colcon_core.package_identification:_identify(src/robot_simulation) by extensions ['ros']
[0.744s] Level 1:colcon.colcon_core.package_identification:_identify(src/robot_simulation) by extension 'ros'
[0.759s] DEBUG:colcon.colcon_core.package_identification:Package 'src/robot_simulation' with type 'ros.ament_cmake' and name 'robot_simulation'
[0.759s] Level 1:colcon.colcon_core.package_discovery:discover_packages(recursive) using defaults
[0.760s] Level 1:colcon.colcon_core.package_discovery:discover_packages(ignore) discover
[0.760s] Level 1:colcon.colcon_core.package_discovery:discover_packages(ignore) using defaults
[0.760s] Level 1:colcon.colcon_core.package_discovery:discover_packages(path) discover
[0.760s] Level 1:colcon.colcon_core.package_discovery:discover_packages(path) using defaults
[0.823s] Level 1:colcon.colcon_core.package_discovery:discover_packages(prefix_path) check parameters
[0.823s] Level 1:colcon.colcon_core.package_discovery:discover_packages(prefix_path) discover
[0.862s] DEBUG:colcon.colcon_installed_package_information.package_discovery:Found 1 installed packages in /mnt/c/Users/abhij/Desktop/Robotics/robot_ws/install
[0.863s] DEBUG:colcon.colcon_installed_package_information.package_discovery:Found 294 installed packages in /opt/ros/humble
[0.865s] Level 1:colcon.colcon_core.package_discovery:discover_packages(prefix_path) using defaults
[0.913s] Level 5:colcon.colcon_core.verb:set package 'robot_simulation' build argument 'cmake_args' from command line to 'None'
[0.913s] Level 5:colcon.colcon_core.verb:set package 'robot_simulation' build argument 'cmake_target' from command line to 'None'
[0.913s] Level 5:colcon.colcon_core.verb:set package 'robot_simulation' build argument 'cmake_target_skip_unavailable' from command line to 'False'
[0.913s] Level 5:colcon.colcon_core.verb:set package 'robot_simulation' build argument 'cmake_clean_cache' from command line to 'False'
[0.913s] Level 5:colcon.colcon_core.verb:set package 'robot_simulation' build argument 'cmake_clean_first' from command line to 'False'
[0.913s] Level 5:colcon.colcon_core.verb:set package 'robot_simulation' build argument 'cmake_force_configure' from command line to 'False'
[0.913s] Level 5:colcon.colcon_core.verb:set package 'robot_simulation' build argument 'ament_cmake_args' from command line to 'None'
[0.914s] Level 5:colcon.colcon_core.verb:set package 'robot_simulation' build argument 'catkin_cmake_args' from command line to 'None'
[0.914s] Level 5:colcon.colcon_core.verb:set package 'robot_simulation' build argument 'catkin_skip_building_tests' from command line to 'False'
[0.914s] DEBUG:colcon.colcon_core.verb:Building package 'robot_simulation' with the following arguments: {'ament_cmake_args': None, 'build_base': '/mnt/c/Users/abhij/Desktop/Robotics/robot_ws/build/robot_simulation', 'catkin_cmake_args': None, 'catkin_skip_building_tests': False, 'cmake_args': None, 'cmake_clean_cache': False, 'cmake_clean_first': False, 'cmake_force_configure': False, 'cmake_target': None, 'cmake_target_skip_unavailable': False, 'install_base': '/mnt/c/Users/abhij/Desktop/Robotics/robot_ws/install/robot_simulation', 'merge_install': False, 'path': '/mnt/c/Users/abhij/Desktop/Robotics/robot_ws/src/robot_simulation', 'symlink_install': False, 'test_result_base': None}
[0.914s] INFO:colcon.colcon_core.executor:Executing jobs using 'parallel' executor
[0.915s] DEBUG:colcon.colcon_parallel_executor.executor.parallel:run_until_complete
[0.915s] INFO:colcon.colcon_ros.task.ament_cmake.build:Building ROS package in '/mnt/c/Users/abhij/Desktop/Robotics/robot_ws/src/robot_simulation' with build type 'ament_cmake'
[0.915s] INFO:colcon.colcon_cmake.task.cmake.build:Building CMake package in '/mnt/c/Users/abhij/Desktop/Robotics/robot_ws/src/robot_simulation'
[0.923s] INFO:colcon.colcon_core.plugin_system:Skipping extension 'colcon_core.shell.bat': Not used on non-Windows systems
[0.923s] INFO:colcon.colcon_core.shell:Skip shell extension 'powershell' for command environment: Not usable outside of PowerShell
[0.923s] DEBUG:colcon.colcon_core.shell:Skip shell extension 'dsv' for command environment
[1.026s] DEBUG:colcon.colcon_core.event_handler.log_command:Invoking command in '/mnt/c/Users/abhij/Desktop/Robotics/robot_ws/build/robot_simulation': CMAKE_PREFIX_PATH=${CMAKE_PREFIX_PATH}:/opt/ros/humble /usr/bin/cmake /mnt/c/Users/abhij/Desktop/Robotics/robot_ws/src/robot_simulation -DCMAKE_INSTALL_PREFIX=/mnt/c/Users/abhij/Desktop/Robotics/robot_ws/install/robot_simulation
[15.093s] DEBUG:colcon.colcon_core.event_handler.log_command:Invoked command in '/mnt/c/Users/abhij/Desktop/Robotics/robot_ws/build/robot_simulation' returned '0': CMAKE_PREFIX_PATH=${CMAKE_PREFIX_PATH}:/opt/ros/humble /usr/bin/cmake /mnt/c/Users/abhij/Desktop/Robotics/robot_ws/src/robot_simulation -DCMAKE_INSTALL_PREFIX=/mnt/c/Users/abhij/Desktop/Robotics/robot_ws/install/robot_simulation
[15.105s] DEBUG:colcon.colcon_core.event_handler.log_command:Invoking command in '/mnt/c/Users/abhij/Desktop/Robotics/robot_ws/build/robot_simulation': CMAKE_PREFIX_PATH=${CMAKE_PREFIX_PATH}:/opt/ros/humble /usr/bin/cmake --build /mnt/c/Users/abhij/Desktop/Robotics/robot_ws/build/robot_simulation -- -j32 -l32
[17.814s] DEBUG:colcon.colcon_core.event_handler.log_command:Invoked command in '/mnt/c/Users/abhij/Desktop/Robotics/robot_ws/build/robot_simulation' returned '0': CMAKE_PREFIX_PATH=${CMAKE_PREFIX_PATH}:/opt/ros/humble /usr/bin/cmake --build /mnt/c/Users/abhij/Desktop/Robotics/robot_ws/build/robot_simulation -- -j32 -l32
[17.848s] DEBUG:colcon.colcon_core.event_handler.log_command:Invoking command in '/mnt/c/Users/abhij/Desktop/Robotics/robot_ws/build/robot_simulation': CMAKE_PREFIX_PATH=${CMAKE_PREFIX_PATH}:/opt/ros/humble /usr/bin/cmake --install /mnt/c/Users/abhij/Desktop/Robotics/robot_ws/build/robot_simulation
[19.723s] Level 1:colcon.colcon_core.environment:create_environment_scripts_only(robot_simulation)
[19.724s] DEBUG:colcon.colcon_core.event_handler.log_command:Invoked command in '/mnt/c/Users/abhij/Desktop/Robotics/robot_ws/build/robot_simulation' returned '0': CMAKE_PREFIX_PATH=${CMAKE_PREFIX_PATH}:/opt/ros/humble /usr/bin/cmake --install /mnt/c/Users/abhij/Desktop/Robotics/robot_ws/build/robot_simulation
[19.733s] Level 1:colcon.colcon_core.environment:checking '/mnt/c/Users/abhij/Desktop/Robotics/robot_ws/install/robot_simulation' for CMake module files
[19.879s] Level 1:colcon.colcon_core.environment:checking '/mnt/c/Users/abhij/Desktop/Robotics/robot_ws/install/robot_simulation' for CMake config files
[20.077s] Level 1:colcon.colcon_core.shell:create_environment_hook('robot_simulation', 'cmake_prefix_path')
[20.078s] INFO:colcon.colcon_core.shell:Creating environment hook '/mnt/c/Users/abhij/Desktop/Robotics/robot_ws/install/robot_simulation/share/robot_simulation/hook/cmake_prefix_path.ps1'
[20.095s] INFO:colcon.colcon_core.shell:Creating environment descriptor '/mnt/c/Users/abhij/Desktop/Robotics/robot_ws/install/robot_simulation/share/robot_simulation/hook/cmake_prefix_path.dsv'
[20.112s] INFO:colcon.colcon_core.shell:Creating environment hook '/mnt/c/Users/abhij/Desktop/Robotics/robot_ws/install/robot_simulation/share/robot_simulation/hook/cmake_prefix_path.sh'
[20.134s] Level 1:colcon.colcon_core.environment:checking '/mnt/c/Users/abhij/Desktop/Robotics/robot_ws/install/robot_simulation/lib'
[20.138s] Level 1:colcon.colcon_core.environment:checking '/mnt/c/Users/abhij/Desktop/Robotics/robot_ws/install/robot_simulation/bin'
[20.140s] Level 1:colcon.colcon_core.environment:checking '/mnt/c/Users/abhij/Desktop/Robotics/robot_ws/install/robot_simulation/lib/pkgconfig/robot_simulation.pc'
[20.142s] Level 1:colcon.colcon_core.environment:checking '/mnt/c/Users/abhij/Desktop/Robotics/robot_ws/install/robot_simulation/lib/python3.10/site-packages'
[20.144s] Level 1:colcon.colcon_core.environment:checking '/mnt/c/Users/abhij/Desktop/Robotics/robot_ws/install/robot_simulation/bin'
[20.146s] INFO:colcon.colcon_core.shell:Creating package script '/mnt/c/Users/abhij/Desktop/Robotics/robot_ws/install/robot_simulation/share/robot_simulation/package.ps1'
[20.161s] INFO:colcon.colcon_core.shell:Creating package descriptor '/mnt/c/Users/abhij/Desktop/Robotics/robot_ws/install/robot_simulation/share/robot_simulation/package.dsv'
[20.179s] INFO:colcon.colcon_core.shell:Creating package script '/mnt/c/Users/abhij/Desktop/Robotics/robot_ws/install/robot_simulation/share/robot_simulation/package.sh'
[20.194s] INFO:colcon.colcon_core.shell:Creating package script '/mnt/c/Users/abhij/Desktop/Robotics/robot_ws/install/robot_simulation/share/robot_simulation/package.bash'
[20.208s] INFO:colcon.colcon_core.shell:Creating package script '/mnt/c/Users/abhij/Desktop/Robotics/robot_ws/install/robot_simulation/share/robot_simulation/package.zsh'
[20.222s] Level 1:colcon.colcon_core.environment:create_file_with_runtime_dependencies(/mnt/c/Users/abhij/Desktop/Robotics/robot_ws/install/robot_simulation/share/colcon-core/packages/robot_simulation)
[20.252s] Level 1:colcon.colcon_core.environment:create_environment_scripts_only(robot_simulation)
[20.253s] Level 1:colcon.colcon_core.environment:checking '/mnt/c/Users/abhij/Desktop/Robotics/robot_ws/install/robot_simulation' for CMake module files
[20.407s] Level 1:colcon.colcon_core.environment:checking '/mnt/c/Users/abhij/Desktop/Robotics/robot_ws/install/robot_simulation' for CMake config files
[20.588s] Level 1:colcon.colcon_core.shell:create_environment_hook('robot_simulation', 'cmake_prefix_path')
[20.589s] INFO:colcon.colcon_core.shell:Creating environment hook '/mnt/c/Users/abhij/Desktop/Robotics/robot_ws/install/robot_simulation/share/robot_simulation/hook/cmake_prefix_path.ps1'
[20.604s] INFO:colcon.colcon_core.shell:Creating environment descriptor '/mnt/c/Users/abhij/Desktop/Robotics/robot_ws/install/robot_simulation/share/robot_simulation/hook/cmake_prefix_path.dsv'
[20.621s] INFO:colcon.colcon_core.shell:Creating environment hook '/mnt/c/Users/abhij/Desktop/Robotics/robot_ws/install/robot_simulation/share/robot_simulation/hook/cmake_prefix_path.sh'
[20.640s] Level 1:colcon.colcon_core.environment:checking '/mnt/c/Users/abhij/Desktop/Robotics/robot_ws/install/robot_simulation/lib'
[20.645s] Level 1:colcon.colcon_core.environment:checking '/mnt/c/Users/abhij/Desktop/Robotics/robot_ws/install/robot_simulation/bin'
[20.647s] Level 1:colcon.colcon_core.environment:checking '/mnt/c/Users/abhij/Desktop/Robotics/robot_ws/install/robot_simulation/lib/pkgconfig/robot_simulation.pc'
[20.649s] Level 1:colcon.colcon_core.environment:checking '/mnt/c/Users/abhij/Desktop/Robotics/robot_ws/install/robot_simulation/lib/python3.10/site-packages'
[20.650s] Level 1:colcon.colcon_core.environment:checking '/mnt/c/Users/abhij/Desktop/Robotics/robot_ws/install/robot_simulation/bin'
[20.652s] INFO:colcon.colcon_core.shell:Creating package script '/mnt/c/Users/abhij/Desktop/Robotics/robot_ws/install/robot_simulation/share/robot_simulation/package.ps1'
[20.665s] INFO:colcon.colcon_core.shell:Creating package descriptor '/mnt/c/Users/abhij/Desktop/Robotics/robot_ws/install/robot_simulation/share/robot_simulation/package.dsv'
[20.678s] INFO:colcon.colcon_core.shell:Creating package script '/mnt/c/Users/abhij/Desktop/Robotics/robot_ws/install/robot_simulation/share/robot_simulation/package.sh'
[20.691s] INFO:colcon.colcon_core.shell:Creating package script '/mnt/c/Users/abhij/Desktop/Robotics/robot_ws/install/robot_simulation/share/robot_simulation/package.bash'
[20.704s] INFO:colcon.colcon_core.shell:Creating package script '/mnt/c/Users/abhij/Desktop/Robotics/robot_ws/install/robot_simulation/share/robot_simulation/package.zsh'
[20.717s] Level 1:colcon.colcon_core.environment:create_file_with_runtime_dependencies(/mnt/c/Users/abhij/Desktop/Robotics/robot_ws/install/robot_simulation/share/colcon-core/packages/robot_simulation)
[20.727s] DEBUG:colcon.colcon_parallel_executor.executor.parallel:closing loop
[20.728s] DEBUG:colcon.colcon_parallel_executor.executor.parallel:loop closed
[20.728s] DEBUG:colcon.colcon_parallel_executor.executor.parallel:run_until_complete finished with '0'
[20.728s] DEBUG:colcon.colcon_core.event_reactor:joining thread
[20.818s] INFO:colcon.colcon_core.plugin_system:Skipping extension 'colcon_notification.desktop_notification.notify_send': Could not find 'notify-send'
[20.818s] INFO:colcon.colcon_core.plugin_system:Skipping extension 'colcon_notification.desktop_notification.terminal_notifier': Not used on non-Darwin systems
[20.819s] INFO:colcon.colcon_core.plugin_system:Skipping extension 'colcon_notification.desktop_notification.win32': Not used on non-Windows systems
[20.819s] INFO:colcon.colcon_notification.desktop_notification:Sending desktop notification using 'notify2'
[20.820s] DEBUG:colcon.colcon_notification.desktop_notification.notify2:Failed to initialize notify2: org.freedesktop.DBus.Error.ServiceUnknown: The name org.freedesktop.Notifications was not provided by any .service files
[20.820s] DEBUG:colcon.colcon_core.event_reactor:joined thread
[20.820s] INFO:colcon.colcon_core.shell:Creating prefix script '/mnt/c/Users/abhij/Desktop/Robotics/robot_ws/install/local_setup.ps1'
[20.826s] INFO:colcon.colcon_core.shell:Creating prefix util module '/mnt/c/Users/abhij/Desktop/Robotics/robot_ws/install/_local_setup_util_ps1.py'
[20.833s] INFO:colcon.colcon_core.shell:Creating prefix chain script '/mnt/c/Users/abhij/Desktop/Robotics/robot_ws/install/setup.ps1'
[20.849s] INFO:colcon.colcon_core.shell:Creating prefix script '/mnt/c/Users/abhij/Desktop/Robotics/robot_ws/install/local_setup.sh'
[20.854s] INFO:colcon.colcon_core.shell:Creating prefix util module '/mnt/c/Users/abhij/Desktop/Robotics/robot_ws/install/_local_setup_util_sh.py'
[20.860s] INFO:colcon.colcon_core.shell:Creating prefix chain script '/mnt/c/Users/abhij/Desktop/Robotics/robot_ws/install/setup.sh'
[20.877s] INFO:colcon.colcon_core.shell:Creating prefix script '/mnt/c/Users/abhij/Desktop/Robotics/robot_ws/install/local_setup.bash'
[20.883s] INFO:colcon.colcon_core.shell:Creating prefix chain script '/mnt/c/Users/abhij/Desktop/Robotics/robot_ws/install/setup.bash'
[20.899s] INFO:colcon.colcon_core.shell:Creating prefix script '/mnt/c/Users/abhij/Desktop/Robotics/robot_ws/install/local_setup.zsh'
[20.905s] INFO:colcon.colcon_core.shell:Creating prefix chain script '/mnt/c/Users/abhij/Desktop/Robotics/robot_ws/install/setup.zsh'
